Performing C++ SOURCE FILE Test CMAKE_HAVE_LIBC_PTHREAD failed with the following output:
Change Dir: /home/ccong/Desktop/RobotVision_Sirius/build/CMakeFiles/CMakeTmp

Run Build Command(s):/usr/bin/make cmTC_5ca2e/fast && /usr/bin/make -f CMakeFiles/cmTC_5ca2e.dir/build.make CMakeFiles/cmTC_5ca2e.dir/build
make[1]: Entering directory '/home/ccong/Desktop/RobotVision_Sirius/build/CMakeFiles/CMakeTmp'
Building CXX object CMakeFiles/cmTC_5ca2e.dir/src.cxx.o
/usr/bin/g++    -Wall -Wextra -Wno-deprecated -DCMAKE_HAVE_LIBC_PTHREAD   -std=gnu++14 -o CMakeFiles/cmTC_5ca2e.dir/src.cxx.o -c /home/ccong/Desktop/RobotVision_Sirius/build/CMakeFiles/CMakeTmp/src.cxx
Linking CXX executable cmTC_5ca2e
/usr/bin/cmake -E cmake_link_script CMakeFiles/cmTC_5ca2e.dir/link.txt --verbose=1
/usr/bin/g++  -Wall -Wextra -Wno-deprecated -DCMAKE_HAVE_LIBC_PTHREAD    CMakeFiles/cmTC_5ca2e.dir/src.cxx.o  -o cmTC_5ca2e 
/usr/bin/ld: CMakeFiles/cmTC_5ca2e.dir/src.cxx.o: in function `main':
src.cxx:(.text+0x46): undefined reference to `pthread_create'
/usr/bin/ld: src.cxx:(.text+0x52): undefined reference to `pthread_detach'
/usr/bin/ld: src.cxx:(.text+0x63): undefined reference to `pthread_join'
collect2: error: ld returned 1 exit status
make[1]: *** [CMakeFiles/cmTC_5ca2e.dir/build.make:87: cmTC_5ca2e] Error 1
make[1]: Leaving directory '/home/ccong/Desktop/RobotVision_Sirius/build/CMakeFiles/CMakeTmp'
make: *** [Makefile:121: cmTC_5ca2e/fast] Error 2


Source file was:
#include <pthread.h>

void* test_func(void* data)
{
  return data;
}

int main(void)
{
  pthread_t thread;
  pthread_create(&thread, NULL, test_func, NULL);
  pthread_detach(thread);
  pthread_join(thread, NULL);
  pthread_atfork(NULL, NULL, NULL);
  pthread_exit(NULL);

  return 0;
}

